<?xml version="1.0" encoding="UTF-8"?>
<!-- Generated by org.testng.reporters.JUnitReportReporter -->
<testsuite hostname="Megha-PC" failures="0" tests="1" name="com.test.classes.TestForgotPasswordLink" time="2.234" errors="0" timestamp="2021-06-05T17:08:10 IST" skipped="0">
  <testcase classname="com.test.classes.TestForgotPasswordLink" name="verifyForgotPasswordLink" time="2.234"/>
  <system-out/>
</testsuite> <!-- com.test.classes.TestForgotPasswordLink -->
