<?xml version="1.0" encoding="UTF-8"?>
<!-- Generated by org.testng.reporters.JUnitReportReporter -->
<testsuite hostname="Megha-PC" failures="0" tests="1" name="com.test.classes.TestHome" time="25.790" errors="0" timestamp="2021-06-25T20:23:27 IST" skipped="0">
  <testcase classname="com.test.classes.TestHome" name="verifydashboard" time="25.790"/>
  <system-out/>
</testsuite> <!-- com.test.classes.TestHome -->
