<?xml version="1.0" encoding="UTF-8"?>
<!-- Generated by org.testng.reporters.JUnitReportReporter -->
<testsuite hostname="Megha-PC" failures="0" tests="3" name="com.test.classes.TestLoginCredential" time="6.629" errors="0" timestamp="2021-06-04T23:07:15 IST" skipped="0">
  <testcase classname="com.test.classes.TestLoginCredential" name="verifyUserIDTextbox" time="2.317"/>
  <system-out/>
  <testcase classname="com.test.classes.TestLoginCredential" name="verifyPasswordTextbox" time="2.161"/>
  <system-out/>
  <testcase classname="com.test.classes.TestLoginCredential" name="verifyLoginButtonClick" time="2.151"/>
  <system-out/>
</testsuite> <!-- com.test.classes.TestLoginCredential -->
