<?xml version="1.0" encoding="UTF-8"?>
<!-- Generated by org.testng.reporters.JUnitReportReporter -->
<testsuite hostname="Megha-PC" failures="0" tests="4" name="com.test.classes.TestLoginPageClass" time="10.728" errors="0" timestamp="2021-06-05T17:08:10 IST" skipped="0">
  <testcase classname="com.test.classes.TestLoginPageClass" name="verifyUserIDTextbox" time="1.141"/>
  <system-out/>
  <testcase classname="com.test.classes.TestLoginPageClass" name="verifyPasswordTextbox" time="2.056"/>
  <system-out/>
  <testcase classname="com.test.classes.TestLoginPageClass" name="verifyLoginButton" time="2.051"/>
  <system-out/>
  <testcase classname="com.test.classes.TestLoginPageClass" name="verifyCredentials" time="5.480"/>
  <system-out/>
</testsuite> <!-- com.test.classes.TestLoginPageClass -->
